<?xml version="1.0" encoding="UTF-8"?>
<!-- Generated by org.testng.reporters.JUnitXMLReporter -->
<testsuite hostname="360NDCPC074" failures="8" tests="14" name="CPQ End to End Order" time="18957.482" errors="0" timestamp="2 Jul 2019 10:04:09 GMT">
  <testcase classname="Testscript.StandardOrderOnnet" name="EndtoEndOrder" time="2626.164"/>
  <testcase classname="Testscript.StandardOrderOnnet" name="EndtoEndOrder" time="2618.421"/>
  <testcase classname="Testscript.StandardOrderOnnet" name="EndtoEndOrder" time="1697.622"/>
  <testcase classname="Testscript.StandardOrderOnnet" name="EndtoEndOrder" time="1424.36">
    <failure type="org.openqa.selenium.TimeoutException" message="Expected condition failed: waiting for element to be clickable: By.xpath: (//*[@id=&amp;apos;onNetA&amp;apos;]/table/tbody/tr[2]/td[1]/input)[1] (tried for 60 second(s) with 1000 MILLISECONDS interval)">
      <![CDATA[org.openqa.selenium.TimeoutException: Expected condition failed: waiting for element to be clickable: By.xpath: (//*[@id='onNetA']/table/tbody/tr[2]/td[1]/input)[1] (tried for 60 second(s) with 1000 MILLISECONDS interval)
	at org.openqa.selenium.support.ui.FluentWait.timeoutException(FluentWait.java:264)
	at org.openqa.selenium.support.ui.FluentWait.until(FluentWait.java:232)
	at Driver.DriverHelper.WaitforElementtobeclickable(DriverHelper.java:185)
	at ScriptHelper.ConfigurationHelper.Selectconnectivity(ConfigurationHelper.java:95)
	at ScriptHelper.ConfigurationHelper.ConfigureProduct(ConfigurationHelper.java:1638)
	at ScriptHelper.ConfigurationHelper.AddFamilyProduct(ConfigurationHelper.java:50)
	at ScriptHelper.ConfigurationHelper.AddProduct(ConfigurationHelper.java:1951)
	at Testscript.StandardOrderOnnet.EndtoEndOrder(StandardOrderOnnet.java:24)
Caused by: org.openqa.selenium.NoSuchElementException: Cannot locate an element using By.xpath: (//*[@id='onNetA']/table/tbody/tr[2]/td[1]/input)[1]
For documentation on this error, please visit: http://seleniumhq.org/exceptions/no_such_element.html
Build info: version: '3.4.0', revision: 'unknown', time: 'unknown'
System info: host: '360NDCPC074', ip: '10.148.1.14', os.name: 'Windows 10', os.arch: 'amd64', os.version: '10.0', java.version: '12.0.1'
Driver info: driver.version: unknown
	at org.openqa.selenium.support.ui.ExpectedConditions.lambda$findElement$0(ExpectedConditions.java:883)
	at java.base/java.util.Optional.orElseThrow(Optional.java:408)
	at org.openqa.selenium.support.ui.ExpectedConditions.findElement(ExpectedConditions.java:882)
	at org.openqa.selenium.support.ui.ExpectedConditions.access$000(ExpectedConditions.java:44)
	at org.openqa.selenium.support.ui.ExpectedConditions$7.apply(ExpectedConditions.java:206)
	at org.openqa.selenium.support.ui.ExpectedConditions$7.apply(ExpectedConditions.java:202)
	at org.openqa.selenium.support.ui.ExpectedConditions$22.apply(ExpectedConditions.java:644)
	at org.openqa.selenium.support.ui.ExpectedConditions$22.apply(ExpectedConditions.java:641)
	at org.openqa.selenium.support.ui.FluentWait.until(FluentWait.java:209)
	... 30 more
... Removed 24 stack frames]]>
    </failure>
  </testcase> <!-- EndtoEndOrder -->
  <testcase classname="Testscript.StandardOrderOnnet" name="EndtoEndOrder" time="798.648">
    <failure type="org.openqa.selenium.NoSuchElementException" message="Cannot locate element with text: Hub1
For documentation on this error, please visit: http://seleniumhq.org/exceptions/no_such_element.html
Build info: version: &amp;apos;3.4.0&amp;apos;, revision: &amp;apos;unknown&amp;apos;, time: &amp;apos;unknown&amp;apos;
System info: host: &amp;apos;360NDCPC074&amp;apos;, ip: &amp;apos;10.148.1.14&amp;apos;, os.name: &amp;apos;Windows 10&amp;apos;, os.arch: &amp;apos;amd64&amp;apos;, os.version: &amp;apos;10.0&amp;apos;, java.version: &amp;apos;12.0.1&amp;apos;
Driver info: driver.version: unknown">
      <![CDATA[org.openqa.selenium.NoSuchElementException: Cannot locate element with text: Hub1
For documentation on this error, please visit: http://seleniumhq.org/exceptions/no_such_element.html
Build info: version: '3.4.0', revision: 'unknown', time: 'unknown'
System info: host: '360NDCPC074', ip: '10.148.1.14', os.name: 'Windows 10', os.arch: 'amd64', os.version: '10.0', java.version: '12.0.1'
Driver info: driver.version: unknown
	at org.openqa.selenium.support.ui.Select.selectByVisibleText(Select.java:151)
	at Driver.DriverHelper.Select(DriverHelper.java:822)
	at ScriptHelper.ConfigurationHelper.ConfigureProduct(ConfigurationHelper.java:1478)
	at ScriptHelper.ConfigurationHelper.AddFamilyProduct(ConfigurationHelper.java:50)
	at ScriptHelper.ConfigurationHelper.AddProduct(ConfigurationHelper.java:1951)
	at Testscript.StandardOrderOnnet.EndtoEndOrder(StandardOrderOnnet.java:24)
... Removed 24 stack frames]]>
    </failure>
  </testcase> <!-- EndtoEndOrder -->
  <testcase classname="Testscript.StandardOrderOnnet" name="EndtoEndOrder" time="1052.532">
    <failure type="org.openqa.selenium.ElementNotVisibleException" message="element not visible: Element is not currently visible and may not be manipulated
  (Session info: chrome=75.0.3770.100)
  (Driver info: chromedriver=2.40.565498 (ea082db3280dd6843ebfb08a625e3eb905c4f5ab),platform=Windows NT 10.0.17763 x86_64) (WARNING: The server did not provide any stacktrace information)
Command duration or timeout: 16 milliseconds
Build info: version: &amp;apos;3.4.0&amp;apos;, revision: &amp;apos;unknown&amp;apos;, time: &amp;apos;unknown&amp;apos;
System info: host: &amp;apos;360NDCPC074&amp;apos;, ip: &amp;apos;10.148.1.14&amp;apos;, os.name: &amp;apos;Windows 10&amp;apos;, os.arch: &amp;apos;amd64&amp;apos;, os.version: &amp;apos;10.0&amp;apos;, java.version: &amp;apos;12.0.1&amp;apos;
Driver info: org.openqa.selenium.chrome.ChromeDriver
Capabilities [{applicationCacheEnabled=false, rotatable=false, mobileEmulationEnabled=false, networkConnectionEnabled=false, chrome={chromedriverVersion=2.40.565498 (ea082db3280dd6843ebfb08a625e3eb905c4f5ab), userDataDir=C:\Users\ashwanis\AppData\Local\Temp\scoped_dir18380_9637}, takesHeapSnapshot=true, pageLoadStrategy=none, databaseEnabled=false, handlesAlerts=true, hasTouchScreen=false, version=75.0.3770.100, platform=XP, browserConnectionEnabled=false, nativeEvents=true, acceptSslCerts=false, acceptInsecureCerts=false, locationContextEnabled=true, webStorageEnabled=true, browserName=chrome, takesScreenshot=true, javascriptEnabled=true, cssSelectorsEnabled=true, setWindowRect=true, unexpectedAlertBehaviour=}]
Session ID: e2c59d34adb2115e86e91ed037fd3891">
      <![CDATA[org.openqa.selenium.ElementNotVisibleException: element not visible: Element is not currently visible and may not be manipulated
  (Session info: chrome=75.0.3770.100)
  (Driver info: chromedriver=2.40.565498 (ea082db3280dd6843ebfb08a625e3eb905c4f5ab),platform=Windows NT 10.0.17763 x86_64) (WARNING: The server did not provide any stacktrace information)
Command duration or timeout: 16 milliseconds
Build info: version: '3.4.0', revision: 'unknown', time: 'unknown'
System info: host: '360NDCPC074', ip: '10.148.1.14', os.name: 'Windows 10', os.arch: 'amd64', os.version: '10.0', java.version: '12.0.1'
Driver info: org.openqa.selenium.chrome.ChromeDriver
Capabilities [{applicationCacheEnabled=false, rotatable=false, mobileEmulationEnabled=false, networkConnectionEnabled=false, chrome={chromedriverVersion=2.40.565498 (ea082db3280dd6843ebfb08a625e3eb905c4f5ab), userDataDir=C:\Users\ashwanis\AppData\Local\Temp\scoped_dir18380_9637}, takesHeapSnapshot=true, pageLoadStrategy=none, databaseEnabled=false, handlesAlerts=true, hasTouchScreen=false, version=75.0.3770.100, platform=XP, browserConnectionEnabled=false, nativeEvents=true, acceptSslCerts=false, acceptInsecureCerts=false, locationContextEnabled=true, webStorageEnabled=true, browserName=chrome, takesScreenshot=true, javascriptEnabled=true, cssSelectorsEnabled=true, setWindowRect=true, unexpectedAlertBehaviour=}]
Session ID: e2c59d34adb2115e86e91ed037fd3891
	at org.openqa.selenium.remote.ErrorHandler.createThrowable(ErrorHandler.java:215)
	at org.openqa.selenium.remote.ErrorHandler.throwIfResponseFailed(ErrorHandler.java:167)
	at org.openqa.selenium.remote.RemoteWebDriver.execute(RemoteWebDriver.java:671)
	at org.openqa.selenium.remote.RemoteWebElement.execute(RemoteWebElement.java:272)
	at org.openqa.selenium.remote.RemoteWebElement.click(RemoteWebElement.java:82)
	at org.openqa.selenium.support.ui.Select.setSelected(Select.java:324)
	at org.openqa.selenium.support.ui.Select.selectByVisibleText(Select.java:120)
	at Driver.DriverHelper.Select(DriverHelper.java:822)
	at ScriptHelper.ConfigurationHelper.AdditionalProductData(ConfigurationHelper.java:1905)
	at ScriptHelper.ConfigurationHelper.ConfigureProduct(ConfigurationHelper.java:1772)
	at ScriptHelper.ConfigurationHelper.AddFamilyProduct(ConfigurationHelper.java:50)
	at ScriptHelper.ConfigurationHelper.AddProduct(ConfigurationHelper.java:1951)
	at Testscript.StandardOrderOnnet.EndtoEndOrder(StandardOrderOnnet.java:24)
... Removed 29 stack frames]]>
    </failure>
  </testcase> <!-- EndtoEndOrder -->
  <testcase classname="Testscript.StandardOrderOnnet" name="EndtoEndOrder" time="1518.503"/>
  <testcase classname="Testscript.StandardOrderOnnet" name="EndtoEndOrder" time="1241.0">
    <failure type="org.openqa.selenium.TimeoutException" message="Expected condition failed: waiting for element to be clickable: By.xpath: //a[text()=&amp;apos;36371743&amp;apos;]/parent::*/parent::*/td[5]/a (tried for 60 second(s) with 1000 MILLISECONDS interval)">
      <![CDATA[org.openqa.selenium.TimeoutException: Expected condition failed: waiting for element to be clickable: By.xpath: //a[text()='36371743']/parent::*/parent::*/td[5]/a (tried for 60 second(s) with 1000 MILLISECONDS interval)
	at org.openqa.selenium.support.ui.FluentWait.timeoutException(FluentWait.java:264)
	at org.openqa.selenium.support.ui.FluentWait.until(FluentWait.java:232)
	at Driver.DriverHelper.WaitforElementtobeclickable(DriverHelper.java:185)
	at ScriptHelper.DisscountAndAprrovalHelper.ApproveQuote(DisscountAndAprrovalHelper.java:738)
	at ScriptHelper.DisscountAndAprrovalHelper.ApproveQuote(DisscountAndAprrovalHelper.java:156)
	at Testscript.StandardOrderOnnet.EndtoEndOrder(StandardOrderOnnet.java:79)
Caused by: org.openqa.selenium.NoSuchElementException: Cannot locate an element using By.xpath: //a[text()='36371743']/parent::*/parent::*/td[5]/a
For documentation on this error, please visit: http://seleniumhq.org/exceptions/no_such_element.html
Build info: version: '3.4.0', revision: 'unknown', time: 'unknown'
System info: host: '360NDCPC074', ip: '10.148.1.14', os.name: 'Windows 10', os.arch: 'amd64', os.version: '10.0', java.version: '12.0.1'
Driver info: driver.version: unknown
	at org.openqa.selenium.support.ui.ExpectedConditions.lambda$findElement$0(ExpectedConditions.java:883)
	at java.base/java.util.Optional.orElseThrow(Optional.java:408)
	at org.openqa.selenium.support.ui.ExpectedConditions.findElement(ExpectedConditions.java:882)
	at org.openqa.selenium.support.ui.ExpectedConditions.access$000(ExpectedConditions.java:44)
	at org.openqa.selenium.support.ui.ExpectedConditions$7.apply(ExpectedConditions.java:206)
	at org.openqa.selenium.support.ui.ExpectedConditions$7.apply(ExpectedConditions.java:202)
	at org.openqa.selenium.support.ui.ExpectedConditions$22.apply(ExpectedConditions.java:644)
	at org.openqa.selenium.support.ui.ExpectedConditions$22.apply(ExpectedConditions.java:641)
	at org.openqa.selenium.support.ui.FluentWait.until(FluentWait.java:209)
	... 28 more
... Removed 24 stack frames]]>
    </failure>
  </testcase> <!-- EndtoEndOrder -->
  <testcase classname="Testscript.StandardOrderOnnet" name="EndtoEndOrder" time="1085.079">
    <failure type="java.lang.NullPointerException" message="null value in entry: url=null">
      <![CDATA[java.lang.NullPointerException: null value in entry: url=null
	at com.google.common.collect.CollectPreconditions.checkEntryNotNull(CollectPreconditions.java:34)
	at com.google.common.collect.SingletonImmutableBiMap.<init>(SingletonImmutableBiMap.java:42)
	at com.google.common.collect.ImmutableBiMap.of(ImmutableBiMap.java:73)
	at com.google.common.collect.ImmutableMap.of(ImmutableMap.java:120)
	at org.openqa.selenium.remote.RemoteWebDriver.get(RemoteWebDriver.java:364)
	at Driver.DriverHelper.openurl(DriverHelper.java:435)
	at ScriptHelper.DisscountAndAprrovalHelper.ApproveQuote(DisscountAndAprrovalHelper.java:698)
	at ScriptHelper.DisscountAndAprrovalHelper.ApproveQuote(DisscountAndAprrovalHelper.java:156)
	at Testscript.StandardOrderOnnet.EndtoEndOrder(StandardOrderOnnet.java:79)
... Removed 24 stack frames]]>
    </failure>
  </testcase> <!-- EndtoEndOrder -->
  <testcase classname="Testscript.StandardOrderOnnet" name="EndtoEndOrder" time="1453.13"/>
  <testcase classname="Testscript.StandardOrderOnnet" name="EndtoEndOrder" time="1519.894"/>
  <testcase classname="Testscript.StandardOrderOnnet" name="EndtoEndOrder" time="839.735">
    <failure type="org.openqa.selenium.TimeoutException" message="Expected condition failed: waiting for element to be clickable: By.xpath: (//div[text()=&amp;apos;On-Net&amp;apos;])[1] (tried for 60 second(s) with 1000 MILLISECONDS interval)">
      <![CDATA[org.openqa.selenium.TimeoutException: Expected condition failed: waiting for element to be clickable: By.xpath: (//div[text()='On-Net'])[1] (tried for 60 second(s) with 1000 MILLISECONDS interval)
	at org.openqa.selenium.support.ui.FluentWait.timeoutException(FluentWait.java:264)
	at org.openqa.selenium.support.ui.FluentWait.until(FluentWait.java:232)
	at Driver.DriverHelper.WaitforElementtobeclickable(DriverHelper.java:185)
	at ScriptHelper.ConfigurationHelper.Selectconnectivity(ConfigurationHelper.java:89)
	at ScriptHelper.ConfigurationHelper.ConfigureProduct(ConfigurationHelper.java:1416)
	at ScriptHelper.ConfigurationHelper.AddFamilyProduct(ConfigurationHelper.java:50)
	at ScriptHelper.ConfigurationHelper.AddProduct(ConfigurationHelper.java:1951)
	at Testscript.StandardOrderOnnet.EndtoEndOrder(StandardOrderOnnet.java:24)
Caused by: org.openqa.selenium.NoSuchElementException: Cannot locate an element using By.xpath: (//div[text()='On-Net'])[1]
For documentation on this error, please visit: http://seleniumhq.org/exceptions/no_such_element.html
Build info: version: '3.4.0', revision: 'unknown', time: 'unknown'
System info: host: '360NDCPC074', ip: '10.148.1.14', os.name: 'Windows 10', os.arch: 'amd64', os.version: '10.0', java.version: '12.0.1'
Driver info: driver.version: unknown
	at org.openqa.selenium.support.ui.ExpectedConditions.lambda$findElement$0(ExpectedConditions.java:883)
	at java.base/java.util.Optional.orElseThrow(Optional.java:408)
	at org.openqa.selenium.support.ui.ExpectedConditions.findElement(ExpectedConditions.java:882)
	at org.openqa.selenium.support.ui.ExpectedConditions.access$000(ExpectedConditions.java:44)
	at org.openqa.selenium.support.ui.ExpectedConditions$7.apply(ExpectedConditions.java:206)
	at org.openqa.selenium.support.ui.ExpectedConditions$7.apply(ExpectedConditions.java:202)
	at org.openqa.selenium.support.ui.ExpectedConditions$22.apply(ExpectedConditions.java:644)
	at org.openqa.selenium.support.ui.ExpectedConditions$22.apply(ExpectedConditions.java:641)
	at org.openqa.selenium.support.ui.FluentWait.until(FluentWait.java:209)
	... 30 more
... Removed 24 stack frames]]>
    </failure>
  </testcase> <!-- EndtoEndOrder -->
  <testcase classname="Testscript.StandardOrderOnnet" name="EndtoEndOrder" time="835.165">
    <failure type="org.openqa.selenium.TimeoutException" message="Expected condition failed: waiting for element to be clickable: By.xpath: (//div[text()=&amp;apos;On-Net&amp;apos;])[1] (tried for 60 second(s) with 1000 MILLISECONDS interval)">
      <![CDATA[org.openqa.selenium.TimeoutException: Expected condition failed: waiting for element to be clickable: By.xpath: (//div[text()='On-Net'])[1] (tried for 60 second(s) with 1000 MILLISECONDS interval)
	at org.openqa.selenium.support.ui.FluentWait.timeoutException(FluentWait.java:264)
	at org.openqa.selenium.support.ui.FluentWait.until(FluentWait.java:232)
	at Driver.DriverHelper.WaitforElementtobeclickable(DriverHelper.java:185)
	at ScriptHelper.ConfigurationHelper.Selectconnectivity(ConfigurationHelper.java:89)
	at ScriptHelper.ConfigurationHelper.ConfigureProduct(ConfigurationHelper.java:1416)
	at ScriptHelper.ConfigurationHelper.AddFamilyProduct(ConfigurationHelper.java:50)
	at ScriptHelper.ConfigurationHelper.AddProduct(ConfigurationHelper.java:1951)
	at Testscript.StandardOrderOnnet.EndtoEndOrder(StandardOrderOnnet.java:24)
Caused by: org.openqa.selenium.NoSuchElementException: Cannot locate an element using By.xpath: (//div[text()='On-Net'])[1]
For documentation on this error, please visit: http://seleniumhq.org/exceptions/no_such_element.html
Build info: version: '3.4.0', revision: 'unknown', time: 'unknown'
System info: host: '360NDCPC074', ip: '10.148.1.14', os.name: 'Windows 10', os.arch: 'amd64', os.version: '10.0', java.version: '12.0.1'
Driver info: driver.version: unknown
	at org.openqa.selenium.support.ui.ExpectedConditions.lambda$findElement$0(ExpectedConditions.java:883)
	at java.base/java.util.Optional.orElseThrow(Optional.java:408)
	at org.openqa.selenium.support.ui.ExpectedConditions.findElement(ExpectedConditions.java:882)
	at org.openqa.selenium.support.ui.ExpectedConditions.access$000(ExpectedConditions.java:44)
	at org.openqa.selenium.support.ui.ExpectedConditions$7.apply(ExpectedConditions.java:206)
	at org.openqa.selenium.support.ui.ExpectedConditions$7.apply(ExpectedConditions.java:202)
	at org.openqa.selenium.support.ui.ExpectedConditions$22.apply(ExpectedConditions.java:644)
	at org.openqa.selenium.support.ui.ExpectedConditions$22.apply(ExpectedConditions.java:641)
	at org.openqa.selenium.support.ui.FluentWait.until(FluentWait.java:209)
	... 30 more
... Removed 24 stack frames]]>
    </failure>
  </testcase> <!-- EndtoEndOrder -->
  <testcase classname="Testscript.StandardOrderOnnet" name="EndtoEndOrder" time="95.963">
    <failure type="org.openqa.selenium.TimeoutException" message="Expected condition failed: waiting for element to be clickable: By.xpath: //h1[text()=&amp;apos;Customers&amp;apos;] (tried for 60 second(s) with 1000 MILLISECONDS interval)">
      <![CDATA[org.openqa.selenium.TimeoutException: Expected condition failed: waiting for element to be clickable: By.xpath: //h1[text()='Customers'] (tried for 60 second(s) with 1000 MILLISECONDS interval)
	at org.openqa.selenium.support.ui.FluentWait.timeoutException(FluentWait.java:264)
	at org.openqa.selenium.support.ui.FluentWait.until(FluentWait.java:232)
	at Driver.DriverHelper.WaitforElementtobeclickable(DriverHelper.java:185)
	at ScriptHelper.C4CHelper.Movetoaccount(C4CHelper.java:36)
	at Testscript.StandardOrderOnnet.EndtoEndOrder(StandardOrderOnnet.java:19)
Caused by: org.openqa.selenium.NoSuchElementException: Cannot locate an element using By.xpath: //h1[text()='Customers']
For documentation on this error, please visit: http://seleniumhq.org/exceptions/no_such_element.html
Build info: version: '3.4.0', revision: 'unknown', time: 'unknown'
System info: host: '360NDCPC074', ip: '10.148.1.14', os.name: 'Windows 10', os.arch: 'amd64', os.version: '10.0', java.version: '12.0.1'
Driver info: driver.version: unknown
	at org.openqa.selenium.support.ui.ExpectedConditions.lambda$findElement$0(ExpectedConditions.java:883)
	at java.base/java.util.Optional.orElseThrow(Optional.java:408)
	at org.openqa.selenium.support.ui.ExpectedConditions.findElement(ExpectedConditions.java:882)
	at org.openqa.selenium.support.ui.ExpectedConditions.access$000(ExpectedConditions.java:44)
	at org.openqa.selenium.support.ui.ExpectedConditions$7.apply(ExpectedConditions.java:206)
	at org.openqa.selenium.support.ui.ExpectedConditions$7.apply(ExpectedConditions.java:202)
	at org.openqa.selenium.support.ui.ExpectedConditions$22.apply(ExpectedConditions.java:644)
	at org.openqa.selenium.support.ui.ExpectedConditions$22.apply(ExpectedConditions.java:641)
	at org.openqa.selenium.support.ui.FluentWait.until(FluentWait.java:209)
	... 27 more
... Removed 24 stack frames]]>
    </failure>
  </testcase> <!-- EndtoEndOrder -->
</testsuite> <!-- CPQ End to End Order -->
