<?xml version="1.0" encoding="UTF-8"?>
<testng-results total="3" passed="1" failed="2" skipped="0">
  <reporter-output>
  </reporter-output>
  <suite started-at="2019-09-13T06:39:52Z" name="CPQ End to End Order" finished-at="2019-09-13T07:25:11Z" duration-ms="2719121">
    <groups>
    </groups>
    <test started-at="2019-09-13T06:39:52Z" name="CPQ End to End Order" finished-at="2019-09-13T07:13:06Z" duration-ms="1994274">
      <class name="Testscript.StandardOrderOnnet">
        <test-method is-config="true" signature="BeforeMethod(java.lang.reflect.Method, org.testng.ITestContext, [Ljava.lang.Object;)[pri:0, instance:Testscript.StandardOrderOnnet@5af97850]" started-at="2019-09-13T12:09:53Z" name="BeforeMethod" finished-at="2019-09-13T12:10:01Z" duration-ms="7546" status="PASS">
          <params>
            <param index="0">
              <value>
                <![CDATA[public void Testscript.StandardOrderOnnet.EndtoEndOrder(java.lang.Object[][]) throws java.lang.Exception]]>
              </value>
            </param>
            <param index="1">
              <value>
                <![CDATA[org.testng.TestRunner@60957c0f]]>
              </value>
            </param>
            <param index="2">
              <value>
                <![CDATA[[Ljava.lang.Object;@fcb4004]]>
              </value>
            </param>
          </params>
          <reporter-output>
          </reporter-output>
        </test-method> <!-- BeforeMethod -->
        <test-method is-config="true" signature="BeforeMethod(java.lang.reflect.Method, org.testng.ITestContext, [Ljava.lang.Object;)[pri:0, instance:Testscript.StandardOrderOnnet@5af97850]" started-at="2019-09-13T12:09:53Z" name="BeforeMethod" finished-at="2019-09-13T12:10:01Z" duration-ms="7546" status="PASS">
          <params>
            <param index="0">
              <value>
                <![CDATA[public void Testscript.StandardOrderOnnet.EndtoEndOrder(java.lang.Object[][]) throws java.lang.Exception]]>
              </value>
            </param>
            <param index="1">
              <value>
                <![CDATA[org.testng.TestRunner@60957c0f]]>
              </value>
            </param>
            <param index="2">
              <value>
                <![CDATA[[Ljava.lang.Object;@293a5f75]]>
              </value>
            </param>
          </params>
          <reporter-output>
          </reporter-output>
        </test-method> <!-- BeforeMethod -->
        <test-method signature="EndtoEndOrder([[Ljava.lang.Object;)[pri:0, instance:Testscript.StandardOrderOnnet@5af97850]" started-at="2019-09-13T12:10:01Z" name="EndtoEndOrder" data-provider="NewStandrdOrder" finished-at="2019-09-13T12:28:23Z" duration-ms="1102353" status="PASS">
          <params>
            <param index="0">
              <value>
                <![CDATA[[[Ljava.lang.Object;@42721fe]]>
              </value>
            </param>
          </params>
          <reporter-output>
          </reporter-output>
        </test-method> <!-- EndtoEndOrder -->
        <test-method signature="EndtoEndOrder([[Ljava.lang.Object;)[pri:0, instance:Testscript.StandardOrderOnnet@5af97850]" started-at="2019-09-13T12:10:01Z" name="EndtoEndOrder" data-provider="NewStandrdOrder" finished-at="2019-09-13T12:43:04Z" duration-ms="1983008" status="FAIL">
          <params>
            <param index="0">
              <value>
                <![CDATA[[[Ljava.lang.Object;@74960bfa]]>
              </value>
            </param>
          </params>
          <exception class="org.openqa.selenium.TimeoutException">
            <message>
              <![CDATA[Expected condition failed: waiting for element to be clickable: By.xpath: //div[@id='approvalHistorySubmitHtml_t']//div[contains(string(),'Approved on the date')] (tried for 480 second(s) with 500 MILLISECONDS interval)]]>
            </message>
            <full-stacktrace>
              <![CDATA[org.openqa.selenium.TimeoutException: Expected condition failed: waiting for element to be clickable: By.xpath: //div[@id='approvalHistorySubmitHtml_t']//div[contains(string(),'Approved on the date')] (tried for 480 second(s) with 500 MILLISECONDS interval)
	at org.openqa.selenium.support.ui.FluentWait.timeoutException(FluentWait.java:264)
	at org.openqa.selenium.support.ui.FluentWait.until(FluentWait.java:232)
	at Driver.DriverHelper.WaitforElementtobeclickable(DriverHelper.java:240)
	at ScriptHelper.DisscountAndAprrovalHelper.CSTEngagement(DisscountAndAprrovalHelper.java:597)
	at ScriptHelper.DisscountAndAprrovalHelper.ApproveQuote(DisscountAndAprrovalHelper.java:282)
	at Testscript.StandardOrderOnnet.EndtoEndOrder(StandardOrderOnnet.java:123)
	at java.base/jdk.internal.reflect.NativeMethodAccessorImpl.invoke0(Native Method)
	at java.base/jdk.internal.reflect.NativeMethodAccessorImpl.invoke(NativeMethodAccessorImpl.java:62)
	at java.base/jdk.internal.reflect.DelegatingMethodAccessorImpl.invoke(DelegatingMethodAccessorImpl.java:43)
	at java.base/java.lang.reflect.Method.invoke(Method.java:567)
	at org.testng.internal.MethodInvocationHelper.invokeMethod(MethodInvocationHelper.java:84)
	at org.testng.internal.Invoker.invokeMethod(Invoker.java:714)
	at org.testng.internal.Invoker.invokeTestMethod(Invoker.java:901)
	at org.testng.internal.TestMethodWithDataProviderMethodWorker.call(TestMethodWithDataProviderMethodWorker.java:73)
	at org.testng.internal.TestMethodWithDataProviderMethodWorker.call(TestMethodWithDataProviderMethodWorker.java:14)
	at java.base/java.util.concurrent.FutureTask.run(FutureTask.java:264)
	at java.base/java.util.concurrent.Executors$RunnableAdapter.call(Executors.java:515)
	at java.base/java.util.concurrent.FutureTask.run(FutureTask.java:264)
	at java.base/java.util.concurrent.ThreadPoolExecutor.runWorker(ThreadPoolExecutor.java:1128)
	at java.base/java.util.concurrent.ThreadPoolExecutor$Worker.run(ThreadPoolExecutor.java:628)
	at java.base/java.lang.Thread.run(Thread.java:835)
Caused by: org.openqa.selenium.NoSuchElementException: Cannot locate an element using By.xpath: //div[@id='approvalHistorySubmitHtml_t']//div[contains(string(),'Approved on the date')]
For documentation on this error, please visit: http://seleniumhq.org/exceptions/no_such_element.html
Build info: version: '3.4.0', revision: 'unknown', time: 'unknown'
System info: host: '360NDCPC074', ip: '10.148.1.14', os.name: 'Windows 10', os.arch: 'amd64', os.version: '10.0', java.version: '12.0.1'
Driver info: driver.version: unknown
	at org.openqa.selenium.support.ui.ExpectedConditions.lambda$findElement$0(ExpectedConditions.java:883)
	at java.base/java.util.Optional.orElseThrow(Optional.java:408)
	at org.openqa.selenium.support.ui.ExpectedConditions.findElement(ExpectedConditions.java:882)
	at org.openqa.selenium.support.ui.ExpectedConditions.access$000(ExpectedConditions.java:44)
	at org.openqa.selenium.support.ui.ExpectedConditions$7.apply(ExpectedConditions.java:206)
	at org.openqa.selenium.support.ui.ExpectedConditions$7.apply(ExpectedConditions.java:202)
	at org.openqa.selenium.support.ui.ExpectedConditions$22.apply(ExpectedConditions.java:644)
	at org.openqa.selenium.support.ui.ExpectedConditions$22.apply(ExpectedConditions.java:641)
	at org.openqa.selenium.support.ui.FluentWait.until(FluentWait.java:209)
	... 19 more
]]>
            </full-stacktrace>
          </exception> <!-- org.openqa.selenium.TimeoutException -->
          <reporter-output>
          </reporter-output>
        </test-method> <!-- EndtoEndOrder -->
        <test-method is-config="true" signature="Teardown2()[pri:0, instance:Testscript.StandardOrderOnnet@5af97850]" started-at="2019-09-13T12:28:24Z" name="Teardown2" finished-at="2019-09-13T12:28:27Z" duration-ms="3368" status="PASS">
          <reporter-output>
          </reporter-output>
        </test-method> <!-- Teardown2 -->
        <test-method is-config="true" signature="Teardown2()[pri:0, instance:Testscript.StandardOrderOnnet@5af97850]" started-at="2019-09-13T12:43:05Z" name="Teardown2" finished-at="2019-09-13T12:43:06Z" duration-ms="1674" status="PASS">
          <reporter-output>
          </reporter-output>
        </test-method> <!-- Teardown2 -->
        <test-method is-config="true" signature="Teardown()[pri:0, instance:Testscript.StandardOrderOnnet@5af97850]" started-at="2019-09-13T12:43:06Z" name="Teardown" finished-at="2019-09-13T12:43:06Z" duration-ms="0" status="PASS">
          <reporter-output>
          </reporter-output>
        </test-method> <!-- Teardown -->
      </class> <!-- Testscript.StandardOrderOnnet -->
    </test> <!-- CPQ End to End Order -->
    <test started-at="2019-09-13T07:13:06Z" name="CPQ End to End Bulk Uploads" finished-at="2019-09-13T07:25:11Z" duration-ms="724676">
      <class name="Testscript.StandardOrderOnnet">
        <test-method is-config="true" signature="BeforeSuite()[pri:0, instance:Testscript.StandardOrderOnnet@3bd40a57]" started-at="2019-09-13T12:09:52Z" name="BeforeSuite" finished-at="2019-09-13T12:09:52Z" duration-ms="140" status="PASS">
          <reporter-output>
          </reporter-output>
        </test-method> <!-- BeforeSuite -->
        <test-method is-config="true" signature="BeforeMethod(java.lang.reflect.Method, org.testng.ITestContext, [Ljava.lang.Object;)[pri:0, instance:Testscript.StandardOrderOnnet@3bd40a57]" started-at="2019-09-13T12:43:07Z" name="BeforeMethod" finished-at="2019-09-13T12:43:11Z" duration-ms="4683" status="PASS">
          <params>
            <param index="0">
              <value>
                <![CDATA[public void Testscript.StandardOrderOnnet.EndtoEndOrderBulkUpload(java.lang.Object[][]) throws java.lang.Exception]]>
              </value>
            </param>
            <param index="1">
              <value>
                <![CDATA[org.testng.TestRunner@1dd6d4b7]]>
              </value>
            </param>
            <param index="2">
              <value>
                <![CDATA[[Ljava.lang.Object;@56e8b606]]>
              </value>
            </param>
          </params>
          <reporter-output>
          </reporter-output>
        </test-method> <!-- BeforeMethod -->
        <test-method signature="EndtoEndOrderBulkUpload([[Ljava.lang.Object;)[pri:0, instance:Testscript.StandardOrderOnnet@3bd40a57]" started-at="2019-09-13T12:43:11Z" name="EndtoEndOrderBulkUpload" data-provider="Bulkupload" finished-at="2019-09-13T12:55:09Z" duration-ms="717443" status="FAIL">
          <params>
            <param index="0">
              <value>
                <![CDATA[[[Ljava.lang.Object;@6ebf0f36]]>
              </value>
            </param>
          </params>
          <exception class="org.openqa.selenium.TimeoutException">
            <message>
              <![CDATA[Expected condition failed: waiting for element to be clickable: By.id: newLineItems (tried for 480 second(s) with 500 MILLISECONDS interval)]]>
            </message>
            <full-stacktrace>
              <![CDATA[org.openqa.selenium.TimeoutException: Expected condition failed: waiting for element to be clickable: By.id: newLineItems (tried for 480 second(s) with 500 MILLISECONDS interval)
	at org.openqa.selenium.support.ui.FluentWait.timeoutException(FluentWait.java:264)
	at org.openqa.selenium.support.ui.FluentWait.until(FluentWait.java:232)
	at Driver.DriverHelper.WaitforElementtobeclickable(DriverHelper.java:255)
	at ScriptHelper.BulkHelper.AddProductWithbulkTemplate(BulkHelper.java:38)
	at Testscript.StandardOrderOnnet.EndtoEndOrderBulkUpload(StandardOrderOnnet.java:228)
	at java.base/jdk.internal.reflect.NativeMethodAccessorImpl.invoke0(Native Method)
	at java.base/jdk.internal.reflect.NativeMethodAccessorImpl.invoke(NativeMethodAccessorImpl.java:62)
	at java.base/jdk.internal.reflect.DelegatingMethodAccessorImpl.invoke(DelegatingMethodAccessorImpl.java:43)
	at java.base/java.lang.reflect.Method.invoke(Method.java:567)
	at org.testng.internal.MethodInvocationHelper.invokeMethod(MethodInvocationHelper.java:84)
	at org.testng.internal.Invoker.invokeMethod(Invoker.java:714)
	at org.testng.internal.Invoker.invokeTestMethod(Invoker.java:901)
	at org.testng.internal.TestMethodWithDataProviderMethodWorker.call(TestMethodWithDataProviderMethodWorker.java:73)
	at org.testng.internal.TestMethodWithDataProviderMethodWorker.call(TestMethodWithDataProviderMethodWorker.java:14)
	at java.base/java.util.concurrent.FutureTask.run(FutureTask.java:264)
	at java.base/java.util.concurrent.Executors$RunnableAdapter.call(Executors.java:515)
	at java.base/java.util.concurrent.FutureTask.run(FutureTask.java:264)
	at java.base/java.util.concurrent.ThreadPoolExecutor.runWorker(ThreadPoolExecutor.java:1128)
	at java.base/java.util.concurrent.ThreadPoolExecutor$Worker.run(ThreadPoolExecutor.java:628)
	at java.base/java.lang.Thread.run(Thread.java:835)
Caused by: org.openqa.selenium.NoSuchElementException: Cannot locate an element using By.id: newLineItems
For documentation on this error, please visit: http://seleniumhq.org/exceptions/no_such_element.html
Build info: version: '3.4.0', revision: 'unknown', time: 'unknown'
System info: host: '360NDCPC074', ip: '10.148.1.14', os.name: 'Windows 10', os.arch: 'amd64', os.version: '10.0', java.version: '12.0.1'
Driver info: driver.version: unknown
	at org.openqa.selenium.support.ui.ExpectedConditions.lambda$findElement$0(ExpectedConditions.java:883)
	at java.base/java.util.Optional.orElseThrow(Optional.java:408)
	at org.openqa.selenium.support.ui.ExpectedConditions.findElement(ExpectedConditions.java:882)
	at org.openqa.selenium.support.ui.ExpectedConditions.access$000(ExpectedConditions.java:44)
	at org.openqa.selenium.support.ui.ExpectedConditions$7.apply(ExpectedConditions.java:206)
	at org.openqa.selenium.support.ui.ExpectedConditions$7.apply(ExpectedConditions.java:202)
	at org.openqa.selenium.support.ui.ExpectedConditions$22.apply(ExpectedConditions.java:644)
	at org.openqa.selenium.support.ui.ExpectedConditions$22.apply(ExpectedConditions.java:641)
	at org.openqa.selenium.support.ui.FluentWait.until(FluentWait.java:209)
	... 18 more
]]>
            </full-stacktrace>
          </exception> <!-- org.openqa.selenium.TimeoutException -->
          <reporter-output>
          </reporter-output>
        </test-method> <!-- EndtoEndOrderBulkUpload -->
        <test-method is-config="true" signature="Teardown2()[pri:0, instance:Testscript.StandardOrderOnnet@3bd40a57]" started-at="2019-09-13T12:55:10Z" name="Teardown2" finished-at="2019-09-13T12:55:11Z" duration-ms="1538" status="PASS">
          <reporter-output>
          </reporter-output>
        </test-method> <!-- Teardown2 -->
        <test-method is-config="true" signature="Teardown()[pri:0, instance:Testscript.StandardOrderOnnet@3bd40a57]" started-at="2019-09-13T12:55:11Z" name="Teardown" finished-at="2019-09-13T12:55:11Z" duration-ms="0" status="PASS">
          <reporter-output>
          </reporter-output>
        </test-method> <!-- Teardown -->
      </class> <!-- Testscript.StandardOrderOnnet -->
    </test> <!-- CPQ End to End Bulk Uploads -->
  </suite> <!-- CPQ End to End Order -->
</testng-results>
